<?xml version="1.0" encoding="UTF-8"?>
<!-- Generated by org.testng.reporters.JUnitReportReporter -->
<testsuite skipped="0" hostname="LAPTOP-6BLT8BB7" name="Appiumbasics.appium" tests="1" failures="0" timestamp="2023-07-20T14:49:45 IST" time="4.817" errors="0">
  <testcase name="AppiumTest" time="4.817" classname="Appiumbasics.appium"/>
  <system-out/>
</testsuite> <!-- Appiumbasics.appium -->
